\BOOKMARK [1][-]{Doc-Start}{\376\377\121\306\131\007\167\345\213\306}{}% 1
\BOOKMARK [2][-]{subsection.0.1}{\376\377\116\213\116\366\151\202\163\207}{Doc-Start}% 2
\BOOKMARK [3][-]{subsubsection.0.1.1}{\376\377\116\213\116\366\127\337}{subsection.0.1}% 3
\BOOKMARK [3][-]{subsubsection.0.1.2}{\376\377\151\202\163\207\155\113\136\246}{subsection.0.1}% 4
\BOOKMARK [2][-]{subsection.0.2}{\376\377\162\354\172\313\140\047}{Doc-Start}% 5
\BOOKMARK [2][-]{subsection.0.3}{\376\377\147\141\116\366\151\202\163\207\116\016\147\141\116\366\162\354\172\313}{Doc-Start}% 6
\BOOKMARK [2][-]{subsection.0.4}{\376\377\147\037\147\033\116\016\147\141\116\366\147\037\147\033}{Doc-Start}% 7
\BOOKMARK [3][-]{subsubsection.0.4.1}{\376\377\171\273\145\143\226\217\147\072\123\330\221\317\166\204\147\037\147\033}{subsection.0.4}% 8
\BOOKMARK [3][-]{subsubsection.0.4.2}{\376\377\147\141\116\366\147\037\147\033}{subsection.0.4}% 9
\BOOKMARK [2][-]{subsection.0.5}{\376\377\226\217\147\072\217\307\172\013}{Doc-Start}% 10
\BOOKMARK [3][-]{subsubsection.0.5.1}{\376\377\116\300\116\110\146\057\226\217\147\072\217\307\172\013}{subsection.0.5}% 11
\BOOKMARK [3][-]{subsubsection.0.5.2}{\376\377\226\217\147\072\217\307\172\013\166\204\122\006\136\003}{subsection.0.5}% 12
\BOOKMARK [3][-]{subsubsection.0.5.3}{\376\377\226\217\147\072\217\307\172\013\166\204\133\130\127\050\140\047}{subsection.0.5}% 13
\BOOKMARK [3][-]{subsubsection.0.5.4}{\376\377\226\217\147\072\217\307\172\013\166\204\127\372\147\054\174\173\127\213}{subsection.0.5}% 14
\BOOKMARK [1][-]{section.1}{\376\377\232\154\154\017\224\376}{}% 15
\BOOKMARK [2][-]{subsection.1.1}{\376\377\171\273\145\143\145\366\225\364\232\154\154\017\224\376}{section.1}% 16
\BOOKMARK [2][-]{subsection.1.2}{\376\377\145\366\237\120\232\154\154\017\224\376\116\016\217\154\171\373\151\202\163\207}{section.1}% 17
\BOOKMARK [2][-]{subsection.1.3}{\376\377\131\032\153\145\217\154\171\373\151\202\163\207\116\016\167\351\226\065\116\130\154\325}{section.1}% 18
\BOOKMARK [3][-]{subsubsection.1.3.1}{\376\377\000C\000h\000a\000p\000m\000a\000n\000-\000K\000o\000m\000o\000l\000g\000o\000r\000o\000v\145\271\172\013}{subsection.1.3}% 19
\BOOKMARK [1][-]{section.2}{\376\377\154\312\147\176\217\307\172\013}{}% 20
